2025-01-17 01:53:50,016 UTC - __main__ - INFO - Python version: 3.12.1 (main, Dec 12 2024, 22:30:56) [GCC 9.4.0]
2025-01-17 01:53:50,020 UTC - __main__ - INFO - Platform: Linux-6.5.0-1025-azure-x86_64-with-glibc2.31
2025-01-17 01:53:50,020 UTC - __main__ - INFO - Log file: /workspaces/portal-leis-brasileiras/scraper/src/logs/scraper_20250117_015350.log
2025-01-17 01:53:50,020 UTC - __main__ - INFO - Using default configuration
2025-01-17 01:53:50,021 UTC - __main__ - INFO - Starting scraper at 2025-01-17 01:53:50.021073+00:00 UTC
2025-01-17 01:53:50,525 UTC - __main__ - ERROR - Error running scraper: mutable default <class 'dict'> for field PLURAL_MAPPING is not allowed: use default_factory
Traceback (most recent call last):
  File "/workspaces/portal-leis-brasileiras/scraper/src/main.py", line 138, in run_scraper
    from scraper.constitution import ConstitutionScraper
  File "/workspaces/portal-leis-brasileiras/scraper/src/scraper/__init__.py", line 7, in <module>
    from .constitution import ConstitutionScraper
  File "/workspaces/portal-leis-brasileiras/scraper/src/scraper/constitution.py", line 13, in <module>
    from utils.http_client import AsyncHTTPClient, HTTPClientError
  File "/workspaces/portal-leis-brasileiras/scraper/src/utils/__init__.py", line 11, in <module>
    from .json_handler import JSONHandler
  File "/workspaces/portal-leis-brasileiras/scraper/src/utils/json_handler.py", line 17, in <module>
    @dataclass
     ^^^^^^^^^
  File "/usr/local/python/3.12.1/lib/python3.12/dataclasses.py", line 1266, in dataclass
    return wrap(cls)
           ^^^^^^^^^
  File "/usr/local/python/3.12.1/lib/python3.12/dataclasses.py", line 1256, in wrap
    return _process_class(cls, init, repr, eq, order, unsafe_hash,
           ^^^^^^^^^^^^^^^^^^^^^^^^^^^^^^^^^^^^^^^^^^^^^^^^^^^^^^^
  File "/usr/local/python/3.12.1/lib/python3.12/dataclasses.py", line 994, in _process_class
    cls_fields.append(_get_field(cls, name, type, kw_only))
                      ^^^^^^^^^^^^^^^^^^^^^^^^^^^^^^^^^^^^
  File "/usr/local/python/3.12.1/lib/python3.12/dataclasses.py", line 852, in _get_field
    raise ValueError(f'mutable default {type(f.default)} for field '
ValueError: mutable default <class 'dict'> for field PLURAL_MAPPING is not allowed: use default_factory
2025-01-17 01:53:50,527 UTC - __main__ - INFO - Scraping finished in 0.51 seconds
